<?xml version="1.0" encoding="utf-8"?><testsuites name="pytest tests"><testsuite name="pytest" errors="0" failures="0" skipped="0" tests="90" time="37.825" timestamp="2026-09-23T12:16:19.915316+00:00" hostname="agent-env-895341d7-8a4b-4d78-a8f5-5d7361f876da"><testcase classname="tests.backend_test.TestEntryEdit" name="test_edit_return_weight_recomputes_derived_and_syncs_packet" time="1.269" /><testcase classname="tests.backend_test.TestNewFormula" name="test_worked_example_20_25" time="1.854" /><testcase classname="tests.backend_test.TestEntryEdit" name="test_edit_issue_weight_keeps_kapan_balanced" time="0.435" /><testcase classname="tests.backend_test.TestEntryEdit" name="test_edit_issue_weight_ceiling_first_entry" time="0.315" /><testcase classname="tests.backend_test.TestNewFormula" name="test_return_weight_is_informational_only" time="0.690" /><testcase classname="tests.backend_test.TestEntryEdit" name="test_edit_return_exceeds_issue_rejected" time="0.344" /><testcase classname="tests.backend_test.TestEntryEdit" name="test_edit_zero_issue_weight_rejected" time="0.246" /><testcase classname="tests.backend_test.TestNewFormula" name="test_rc_and_nail_rc_are_allocations_out_of_boil" time="0.404" /><testcase classname="tests.backend_test.TestEntryEdit" name="test_edit_filling_return_less_than_issue_rejected" time="0.479" /><testcase classname="tests.backend_test.TestNewFormula" name="test_boil_mandatory_and_over_issue" time="0.460" /><testcase classname="tests.backend_test.TestEntryEdit" name="test_edit_middle_entry_does_not_overwrite_packet_current" time="0.699" /><testcase classname="tests.backend_test.TestNewFormula" name="test_rc_nail_exceed_boil_rejected" time="0.749" /><testcase classname="tests.backend_test.TestNewFormula" name="test_filling_gain_off_boil" time="0.525" /><testcase classname="tests.backend_test.TestEntryEdit" name="test_edit_rbac_403_for_no_edit_user" time="1.420" /><testcase classname="tests.backend_test.TestNewFormula" name="test_filling_boil_below_issue_rejected" time="0.486" /><testcase classname="tests.backend_test.TestEntryEdit" name="test_edit_process_field_isolation" time="0.492" /><testcase classname="tests.backend_test.TestNewFormula" name="test_sarine_has_boil_and_loss" time="0.889" /><testcase classname="tests.backend_test.TestJangads" name="test_issue_multiple_packets_one_jangad" time="0.399" /><testcase classname="tests.backend_test.TestJangads" name="test_double_issue_rejected" time="0.228" /><testcase classname="tests.backend_test.TestNewFormula" name="test_full_chain_with_allocations_stays_balanced" time="2.472" /><testcase classname="tests.backend_test.TestJangads" name="test_laser_stores_hw_expected_polish_stores_ds_nats_none" time="0.812" /><testcase classname="tests.backend_test.TestJangads" name="test_get_jangad_by_no_returns_lines_and_totals" time="0.306" /><testcase classname="tests.backend_test.TestJangads" name="test_receive_still_works_per_packet" time="0.311" /><testcase classname="tests.backend_test.TestJangads" name="test_jangad_bad_inputs" time="0.309" /><testcase classname="tests.backend_test.TestJangads" name="test_dashboard_open_jangads_counts_unique" time="0.508" /><testcase classname="tests.backend_test.TestIssueReceive" name="test_issue_copies_packet_pcs_weight_and_strips_fields" time="0.598" /><testcase classname="tests.backend_test.TestNewFormula" name="test_edit_boil_recomputes_and_syncs_packet" time="0.815" /><testcase classname="tests.backend_test.TestIssueReceive" name="test_sarine_marking_loss_breaks_reconciliation" time="0.478" /><testcase classname="tests.backend_test.TestAuth" name="test_health" time="0.191" /><testcase classname="tests.backend_test.TestAuth" name="test_login_and_me" time="0.062" /><testcase classname="tests.backend_test.TestAuth" name="test_login_sets_httponly_cookies" time="0.370" /><testcase classname="tests.backend_test.TestIssueReceive" name="test_laser_keeps_hw_and_polish_keeps_ds" time="0.545" /><testcase classname="tests.backend_test.TestAuth" name="test_login_invalid_password" time="0.200" /><testcase classname="tests.backend_test.TestAuth" name="test_unauthenticated_blocked" time="0.190" /><testcase classname="tests.backend_test.TestIssueReceive" name="test_receive_over_issued_weight_rejected" time="0.548" /><testcase classname="tests.backend_test.TestAuth" name="test_bcrypt_hash_format" time="0.670" /><testcase classname="tests.backend_test.TestIssueReceive" name="test_filling_requires_weight_gain" time="0.390" /><testcase classname="tests.backend_test.TestPackets" name="test_packet_auto_numbering_and_size" time="0.423" /><testcase classname="tests.backend_test.TestIssueReceive" name="test_issue_unknown_process_and_bad_packet" time="0.366" /><testcase classname="tests.backend_test.TestPackets" name="test_over_packeting_rejected" time="0.058" /><testcase classname="tests.backend_test.TestMisc" name="test_dashboard_shape" time="0.075" /><testcase classname="tests.backend_test.TestPackets" name="test_zero_weight_rejected" time="0.148" /><testcase classname="tests.backend_test.TestMisc" name="test_processes_meta" time="0.076" /><testcase classname="tests.backend_test.TestMisc" name="test_karigar_process_filter" time="0.353" /><testcase classname="tests.backend_test.TestPackets" name="test_packets_in_stock_filter" time="0.062" /><testcase classname="tests.backend_test.TestPackets" name="test_delete_packet_with_entries_rejected" time="0.777" /><testcase classname="tests.backend_test.TestMisc" name="test_staff_rbac" time="1.143" /><testcase classname="tests.backend_test.TestBulkProcessPackets" name="test_bulk_creates_packets_only_no_entries" time="14.384" /><testcase classname="tests.backend_test.TestMisc" name="test_duplicate_kapan_no_rejected" time="0.334" /><testcase classname="tests.backend_test.TestPrintSettings" name="test_get_defaults_admin" time="0.157" /><testcase classname="tests.backend_test.TestPrintSettings" name="test_get_staff_allowed" time="0.085" /><testcase classname="tests.backend_test.TestPrintSettings" name="test_put_and_persist" time="0.169" /><testcase classname="tests.backend_test.TestPrintSettings" name="test_put_validates_positive_sticker" time="1.962" /><testcase classname="tests.backend_test.TestPrintSettings" name="test_put_staff_forbidden" time="0.220" /><testcase classname="tests.backend_test.TestPacketDelete" name="test_delete_frees_weight_and_hard_removes" time="1.221" /><testcase classname="tests.backend_test.TestPacketDelete" name="test_delete_issued_returned_via_jangad_delete_frees_weight" time="2.584" /><testcase classname="tests.backend_test.TestPacketDelete" name="test_delete_packet_with_entries_still_rejected" time="0.676" /><testcase classname="tests.backend_test.TestPacketDelete" name="test_delete_packet_rbac_403_for_staff" time="0.484" /><testcase classname="tests.backend_test.TestPacketDelete" name="test_delete_nonexistent_packet_404" time="0.195" /><testcase classname="tests.test_sp_kapan.TestSPIssueReceive" name="test_sp_and_normal_cannot_mix" time="1.323" /><testcase classname="tests.test_sp_kapan.TestSPIssueReceive" name="test_karigar_must_serve_process" time="0.309" /><testcase classname="tests.test_sp_kapan.TestSPIssueReceive" name="test_issue_receive_and_reissue_chain" time="0.607" /><testcase classname="tests.test_sp_kapan.TestSPIssueReceive" name="test_sp_processes_only_on_jangad" time="0.735" /><testcase classname="tests.backend_test.TestFullChain" name="test_chain_stays_balanced" time="3.537" /><testcase classname="tests.backend_test.TestBulkProcessPackets" name="test_over_remaining_rejected" time="0.243" /><testcase classname="tests.backend_test.TestBulkProcessPackets" name="test_zero_weight_rows_and_bad_process" time="0.186" /><testcase classname="tests.backend_test.TestBulkProcessPackets" name="test_process_isolation_between_registers" time="0.151" /><testcase classname="tests.backend_test.TestBulkProcessPackets" name="test_rbac_no_create_permission_gets_403" time="0.990" /><testcase classname="tests.backend_test.TestFullChain" name="test_jangad_payload" time="0.362" /><testcase classname="tests.backend_test.TestFullChain" name="test_delete_out_of_order_and_restore" time="0.513" /><testcase classname="tests.backend_test.TestPacketLabels" name="test_labels_empty_ids" time="0.067" /><testcase classname="tests.backend_test.TestPacketLabels" name="test_labels_valid_ids_sorted" time="0.491" /><testcase classname="tests.test_sp_kapan.TestSPStones" name="test_stones_become_child_kapans" time="1.276" /><testcase classname="tests.backend_test.TestPacketLabels" name="test_labels_staff_can_read" time="0.517" /><testcase classname="tests.test_sp_kapan.TestSPStones" name="test_stones_cannot_exceed_kapan" time="0.118" /><testcase classname="tests.test_sp_kapan.TestSPStones" name="test_sp_stones_rejected_on_normal_kapan" time="0.559" /><testcase classname="tests.test_sp_kapan.TestSPStoneRegister" name="test_packets_numbered_stone_dot_n_with_s_code" time="0.786" /><testcase classname="tests.test_sp_kapan.TestSPStoneRegister" name="test_nats_and_filling_rejected_in_stone" time="0.144" /><testcase classname="tests.test_sp_kapan.TestSPStoneRegister" name="test_packets_cannot_exceed_stone_weight" time="0.138" /><testcase classname="tests.test_split_from_stock.TestDeleteRulesAfterSplit" name="test_delete_split_packet_refused_but_normal_ok" time="1.388" /><testcase classname="tests.test_split_from_stock.TestNormalKapanSplitFromStock" name="test_normal_kapan_stays_balanced_after_stock_split" time="2.382" /><testcase classname="tests.test_split_from_stock.TestDeleteRulesAfterSplit" name="test_delete_normal_unsplit_packet_still_works" time="0.549" /><testcase classname="tests.test_sp_kapan.TestSPKapanCreate" name="test_sp_kapan_only_in_sp_register" time="0.830" /><testcase classname="tests.test_split_from_stock.TestNormalKapanSplitFromStock" name="test_overbudget_refused_with_helpful_message" time="0.441" /><testcase classname="tests.test_sp_kapan.TestSPCascadeDelete" name="test_deleting_sp_kapan_removes_stones_and_packets" time="0.709" /><testcase classname="tests.test_sp_kapan.TestSPStoneSplitFromStock" name="test_returned_packet_can_be_split_for_next_process" time="1.655" /><testcase classname="tests.test_split_from_stock.TestSPPartialConsumptionAcrossSources" name="test_multi_source_consumption_stays_balanced" time="1.569" /><testcase classname="tests.test_split_from_stock.TestSPRowSpansRoughAndStock" name="test_row_split_across_rough_and_stock" time="1.443" /><testcase classname="tests.test_split_from_stock.TestReceiveAfterSplit" name="test_split_packet_can_be_issued_and_received" time="0.888" /><testcase classname="tests.test_split_from_stock.TestStagePoolRule" name="test_stage_can_only_draw_from_other_stages" time="0.923" /></testsuite></testsuites>