<?xml version="1.0" encoding="utf-8"?><testsuites name="pytest tests"><testsuite name="pytest" errors="0" failures="1" skipped="0" tests="97" time="32.766" timestamp="2026-09-23T12:34:04.216618+00:00" hostname="agent-env-895341d7-8a4b-4d78-a8f5-5d7361f876da"><testcase classname="tests.backend_test.TestEntryEdit" name="test_edit_return_weight_recomputes_derived_and_syncs_packet" time="1.315" /><testcase classname="tests.backend_test.TestNewFormula" name="test_worked_example_20_25" time="1.372" /><testcase classname="tests.backend_test.TestEntryEdit" name="test_edit_issue_weight_keeps_kapan_balanced" time="0.475" /><testcase classname="tests.backend_test.TestNewFormula" name="test_return_weight_is_informational_only" time="0.711" /><testcase classname="tests.backend_test.TestEntryEdit" name="test_edit_issue_weight_ceiling_first_entry" time="0.315" /><testcase classname="tests.backend_test.TestEntryEdit" name="test_edit_return_exceeds_issue_rejected" time="0.464" /><testcase classname="tests.backend_test.TestNewFormula" name="test_rc_and_nail_rc_are_allocations_out_of_boil" time="0.677" /><testcase classname="tests.backend_test.TestEntryEdit" name="test_edit_zero_issue_weight_rejected" time="0.285" /><testcase classname="tests.backend_test.TestNewFormula" name="test_boil_mandatory_and_over_issue" time="0.560" /><testcase classname="tests.backend_test.TestEntryEdit" name="test_edit_filling_return_less_than_issue_rejected" time="0.506" /><testcase classname="tests.backend_test.TestEntryEdit" name="test_edit_middle_entry_does_not_overwrite_packet_current" time="0.835" /><testcase classname="tests.backend_test.TestNewFormula" name="test_rc_nail_exceed_boil_rejected" time="0.662" /><testcase classname="tests.backend_test.TestNewFormula" name="test_filling_gain_off_boil" time="0.589" /><testcase classname="tests.backend_test.TestNewFormula" name="test_filling_boil_below_issue_rejected" time="0.584" /><testcase classname="tests.backend_test.TestEntryEdit" name="test_edit_rbac_403_for_no_edit_user" time="1.101" /><testcase classname="tests.backend_test.TestNewFormula" name="test_sarine_has_boil_and_loss" time="0.626" /><testcase classname="tests.backend_test.TestEntryEdit" name="test_edit_process_field_isolation" time="0.508" /><testcase classname="tests.backend_test.TestNewFormula" name="test_full_chain_with_allocations_stays_balanced" time="3.131" /><testcase classname="tests.backend_test.TestJangads" name="test_issue_multiple_packets_one_jangad" time="0.468" /><testcase classname="tests.backend_test.TestJangads" name="test_double_issue_rejected" time="0.258" /><testcase classname="tests.backend_test.TestJangads" name="test_laser_stores_hw_expected_polish_stores_ds_nats_none" time="0.862" /><testcase classname="tests.backend_test.TestJangads" name="test_get_jangad_by_no_returns_lines_and_totals" time="0.286" /><testcase classname="tests.backend_test.TestJangads" name="test_receive_still_works_per_packet" time="0.351" /><testcase classname="tests.backend_test.TestJangads" name="test_jangad_bad_inputs" time="0.344" /><testcase classname="tests.backend_test.TestJangads" name="test_dashboard_open_jangads_counts_unique" time="0.622" /><testcase classname="tests.backend_test.TestNewFormula" name="test_edit_boil_recomputes_and_syncs_packet" time="1.015" /><testcase classname="tests.backend_test.TestIssueReceive" name="test_issue_copies_packet_pcs_weight_and_strips_fields" time="0.761" /><testcase classname="tests.backend_test.TestIssueReceive" name="test_sarine_marking_loss_breaks_reconciliation" time="0.549" /><testcase classname="tests.backend_test.TestAuth" name="test_health" time="0.159" /><testcase classname="tests.backend_test.TestAuth" name="test_login_and_me" time="0.108" /><testcase classname="tests.backend_test.TestAuth" name="test_login_sets_httponly_cookies" time="0.374" /><testcase classname="tests.backend_test.TestIssueReceive" name="test_laser_keeps_hw_and_polish_keeps_ds" time="0.575" /><testcase classname="tests.backend_test.TestAuth" name="test_login_invalid_password" time="0.192" /><testcase classname="tests.backend_test.TestAuth" name="test_unauthenticated_blocked" time="0.116" /><testcase classname="tests.backend_test.TestAuth" name="test_bcrypt_hash_format" time="0.670" /><testcase classname="tests.backend_test.TestIssueReceive" name="test_receive_over_issued_weight_rejected" time="0.626" /><testcase classname="tests.backend_test.TestIssueReceive" name="test_filling_requires_weight_gain" time="0.481" /><testcase classname="tests.backend_test.TestPackets" name="test_packet_auto_numbering_and_size" time="0.406" /><testcase classname="tests.backend_test.TestPackets" name="test_over_packeting_rejected" time="0.099" /><testcase classname="tests.backend_test.TestIssueReceive" name="test_issue_unknown_process_and_bad_packet" time="0.515" /><testcase classname="tests.backend_test.TestPackets" name="test_zero_weight_rejected" time="0.084" /><testcase classname="tests.backend_test.TestPackets" name="test_packets_in_stock_filter" time="0.110" /><testcase classname="tests.backend_test.TestPackets" name="test_delete_packet_with_entries_rejected" time="0.586" /><testcase classname="tests.backend_test.TestMisc" name="test_dashboard_shape" time="0.126" /><testcase classname="tests.backend_test.TestMisc" name="test_processes_meta" time="0.076" /><testcase classname="tests.backend_test.TestMisc" name="test_karigar_process_filter" time="0.306" /><testcase classname="tests.backend_test.TestBulkProcessPackets" name="test_bulk_creates_packets_only_no_entries" time="0.545" /><testcase classname="tests.backend_test.TestBulkProcessPackets" name="test_over_remaining_rejected" time="0.165" /><testcase classname="tests.backend_test.TestMisc" name="test_staff_rbac" time="0.995" /><testcase classname="tests.backend_test.TestBulkProcessPackets" name="test_zero_weight_rows_and_bad_process" time="0.385" /><testcase classname="tests.backend_test.TestBulkProcessPackets" name="test_process_isolation_between_registers" time="0.235" /><testcase classname="tests.backend_test.TestMisc" name="test_duplicate_kapan_no_rejected" time="0.480" /><testcase classname="tests.backend_test.TestBulkProcessPackets" name="test_rbac_no_create_permission_gets_403" time="1.032" /><testcase classname="tests.backend_test.TestPrintSettings" name="test_get_defaults_admin" time="0.382" /><testcase classname="tests.backend_test.TestPrintSettings" name="test_get_staff_allowed" time="0.075" /><testcase classname="tests.backend_test.TestPrintSettings" name="test_put_and_persist" time="0.206" /><testcase classname="tests.backend_test.TestPrintSettings" name="test_put_validates_positive_sticker" time="0.170" /><testcase classname="tests.backend_test.TestPacketDelete" name="test_delete_frees_weight_and_hard_removes" time="0.981" /><testcase classname="tests.backend_test.TestPrintSettings" name="test_put_staff_forbidden" time="0.245" /><testcase classname="tests.backend_test.TestPacketDelete" name="test_delete_issued_returned_via_jangad_delete_frees_weight" time="1.123" /><testcase classname="tests.test_sp_kapan.TestSPIssueReceive" name="test_sp_and_normal_cannot_mix" time="1.295" /><testcase classname="tests.test_sp_kapan.TestSPIssueReceive" name="test_karigar_must_serve_process" time="0.294" /><testcase classname="tests.test_sp_kapan.TestSPIssueReceive" name="test_issue_receive_and_reissue_chain" time="0.481" /><testcase classname="tests.backend_test.TestPacketDelete" name="test_delete_packet_with_entries_still_rejected" time="0.656" /><testcase classname="tests.test_sp_kapan.TestSPIssueReceive" name="test_sp_processes_only_on_jangad" time="0.922" /><testcase classname="tests.backend_test.TestPacketDelete" name="test_delete_packet_rbac_403_for_staff" time="0.986" /><testcase classname="tests.backend_test.TestPacketDelete" name="test_delete_nonexistent_packet_404" time="0.128" /><testcase classname="tests.backend_test.TestFullChain" name="test_chain_stays_balanced" time="3.455" /><testcase classname="tests.backend_test.TestPacketLabels" name="test_labels_empty_ids" time="0.117" /><testcase classname="tests.backend_test.TestPacketLabels" name="test_labels_valid_ids_sorted" time="0.328" /><testcase classname="tests.backend_test.TestPacketLabels" name="test_labels_staff_can_read" time="0.091" /><testcase classname="tests.test_sp_kapan.TestSPStones" name="test_stones_become_child_kapans" time="0.750" /><testcase classname="tests.test_sp_kapan.TestSPStones" name="test_stones_cannot_exceed_kapan" time="0.108" /><testcase classname="tests.test_sp_kapan.TestSPStones" name="test_sp_stones_rejected_on_normal_kapan" time="0.301" /><testcase classname="tests.test_sp_kapan.TestSPStoneRegister" name="test_packets_numbered_stone_dot_n_with_s_code" time="0.374" /><testcase classname="tests.test_sp_kapan.TestSPStoneRegister" name="test_nats_and_filling_rejected_in_stone" time="0.240" /><testcase classname="tests.test_sp_kapan.TestSPStoneRegister" name="test_packets_cannot_exceed_stone_weight" time="0.152" /><testcase classname="tests.test_split_from_stock.TestDeleteRulesAfterSplit" name="test_delete_split_packet_refused_but_normal_ok" time="1.198" /><testcase classname="tests.backend_test.TestFullChain" name="test_jangad_payload" time="0.196" /><testcase classname="tests.backend_test.TestFullChain" name="test_delete_out_of_order_and_restore" time="0.529" /><testcase classname="tests.test_split_from_stock.TestDeleteRulesAfterSplit" name="test_delete_normal_unsplit_packet_still_works" time="0.686" /><testcase classname="tests.test_split_from_stock.TestUndoSplit" name="test_undo_split_returns_weight_to_source" time="1.405" /><testcase classname="tests.test_split_from_stock.TestNormalKapanSplitFromStock" name="test_normal_kapan_stays_balanced_after_stock_split" time="1.077" /><testcase classname="tests.test_split_from_stock.TestUndoSplit" name="test_undo_split_rejected_for_plain_packet" time="0.427" /><testcase classname="tests.test_split_from_stock.TestNormalKapanSplitFromStock" name="test_overbudget_refused_with_helpful_message" time="0.517" /><testcase classname="tests.test_sp_kapan.TestSPKapanCreate" name="test_sp_kapan_only_in_sp_register" time="1.067" /><testcase classname="tests.test_sp_kapan.TestSPStoneSplitFromStock" name="test_returned_packet_can_be_split_for_next_process" time="1.101" /><testcase classname="tests.test_sp_kapan.TestSPCascadeDelete" name="test_deleting_sp_kapan_removes_stones_and_packets" time="0.607" /><testcase classname="tests.test_split_from_stock.TestSPPartialConsumptionAcrossSources" name="test_multi_source_consumption_stays_balanced" time="1.895" /><testcase classname="tests.test_split_from_stock.TestSPRowSpansRoughAndStock" name="test_row_split_across_rough_and_stock" time="1.414" /><testcase classname="tests.test_split_from_stock.TestInProcessNotDrawable" name="test_in_process_weight_not_available_to_any_stage" time="0.600" /><testcase classname="tests.test_split_from_stock.TestReceiveAfterSplit" name="test_split_packet_can_be_issued_and_received" time="1.207" /><testcase classname="tests.test_undo_split_edge.TestUndoAfterSourceFullyConsumed" name="test_undo_revives_consumed_source" time="1.512" /><testcase classname="tests.test_split_from_stock.TestStagePoolRule" name="test_stock_is_available_to_every_stage" time="1.304" /><testcase classname="tests.test_undo_split_edge.TestChainedSplitUndoMiddle" name="test_undo_middle_of_chain_stays_balanced_or_refuses" time="0.872"><failure message="AssertionError: ({'ok': True, 'packet_no': '1.2', 'returned_to': '1.1', 'weight': 30.0}, {'rc': 0.0, 'nail_rc': 0.0, 'boil': 0.0, 'laser_loss': 0.0, ...})&#10;assert False is True">E   AssertionError: ({'ok': True, 'packet_no': '1.2', 'returned_to': '1.1', 'weight': 30.0}, {'rc': 0.0, 'nail_rc': 0.0, 'boil': 0.0, 'laser_loss': 0.0, ...})
    assert False is True</failure></testcase><testcase classname="tests.test_undo_split_edge.TestStaffCannotUndoSplit" name="test_staff_forbidden" time="1.212" /><testcase classname="tests.test_undo_split_edge.TestUndoRowSpanningRoughAndStock" name="test_undo_returns_only_carried_portion" time="1.856" /></testsuite></testsuites>