<?xml version="1.0" encoding="utf-8"?><testsuites name="pytest tests"><testsuite name="pytest" errors="0" failures="1" skipped="0" tests="98" time="37.318" timestamp="2026-09-23T12:40:25.015399+00:00" hostname="agent-env-895341d7-8a4b-4d78-a8f5-5d7361f876da"><testcase classname="tests.backend_test.TestEntryEdit" name="test_edit_return_weight_recomputes_derived_and_syncs_packet" time="1.298" /><testcase classname="tests.backend_test.TestNewFormula" name="test_worked_example_20_25" time="1.484" /><testcase classname="tests.backend_test.TestEntryEdit" name="test_edit_issue_weight_keeps_kapan_balanced" time="0.475" /><testcase classname="tests.backend_test.TestNewFormula" name="test_return_weight_is_informational_only" time="0.738" /><testcase classname="tests.backend_test.TestEntryEdit" name="test_edit_issue_weight_ceiling_first_entry" time="0.377" /><testcase classname="tests.backend_test.TestEntryEdit" name="test_edit_return_exceeds_issue_rejected" time="0.327" /><testcase classname="tests.backend_test.TestNewFormula" name="test_rc_and_nail_rc_are_allocations_out_of_boil" time="0.598" /><testcase classname="tests.backend_test.TestEntryEdit" name="test_edit_zero_issue_weight_rejected" time="0.296" /><testcase classname="tests.backend_test.TestEntryEdit" name="test_edit_filling_return_less_than_issue_rejected" time="0.479" /><testcase classname="tests.backend_test.TestNewFormula" name="test_boil_mandatory_and_over_issue" time="0.757" /><testcase classname="tests.backend_test.TestEntryEdit" name="test_edit_middle_entry_does_not_overwrite_packet_current" time="0.708" /><testcase classname="tests.backend_test.TestNewFormula" name="test_rc_nail_exceed_boil_rejected" time="0.698" /><testcase classname="tests.backend_test.TestNewFormula" name="test_filling_gain_off_boil" time="0.719" /><testcase classname="tests.backend_test.TestEntryEdit" name="test_edit_rbac_403_for_no_edit_user" time="1.198" /><testcase classname="tests.backend_test.TestNewFormula" name="test_filling_boil_below_issue_rejected" time="0.563" /><testcase classname="tests.backend_test.TestEntryEdit" name="test_edit_process_field_isolation" time="0.408" /><testcase classname="tests.backend_test.TestJangads" name="test_issue_multiple_packets_one_jangad" time="0.366" /><testcase classname="tests.backend_test.TestNewFormula" name="test_sarine_has_boil_and_loss" time="0.532" /><testcase classname="tests.backend_test.TestJangads" name="test_double_issue_rejected" time="0.227" /><testcase classname="tests.backend_test.TestJangads" name="test_laser_stores_hw_expected_polish_stores_ds_nats_none" time="0.768" /><testcase classname="tests.backend_test.TestNewFormula" name="test_full_chain_with_allocations_stays_balanced" time="2.617" /><testcase classname="tests.backend_test.TestJangads" name="test_get_jangad_by_no_returns_lines_and_totals" time="0.319" /><testcase classname="tests.backend_test.TestJangads" name="test_receive_still_works_per_packet" time="0.431" /><testcase classname="tests.backend_test.TestJangads" name="test_jangad_bad_inputs" time="0.352" /><testcase classname="tests.backend_test.TestJangads" name="test_dashboard_open_jangads_counts_unique" time="0.781" /><testcase classname="tests.backend_test.TestNewFormula" name="test_edit_boil_recomputes_and_syncs_packet" time="1.223" /><testcase classname="tests.backend_test.TestIssueReceive" name="test_issue_copies_packet_pcs_weight_and_strips_fields" time="0.774" /><testcase classname="tests.backend_test.TestIssueReceive" name="test_sarine_marking_loss_breaks_reconciliation" time="0.800" /><testcase classname="tests.backend_test.TestAuth" name="test_health" time="0.202" /><testcase classname="tests.backend_test.TestAuth" name="test_login_and_me" time="0.174" /><testcase classname="tests.backend_test.TestAuth" name="test_login_sets_httponly_cookies" time="0.457" /><testcase classname="tests.backend_test.TestIssueReceive" name="test_laser_keeps_hw_and_polish_keeps_ds" time="0.776" /><testcase classname="tests.backend_test.TestAuth" name="test_login_invalid_password" time="0.174" /><testcase classname="tests.backend_test.TestAuth" name="test_unauthenticated_blocked" time="0.226" /><testcase classname="tests.backend_test.TestIssueReceive" name="test_receive_over_issued_weight_rejected" time="1.116" /><testcase classname="tests.backend_test.TestAuth" name="test_bcrypt_hash_format" time="0.672" /><testcase classname="tests.backend_test.TestPackets" name="test_packet_auto_numbering_and_size" time="0.842" /><testcase classname="tests.backend_test.TestIssueReceive" name="test_filling_requires_weight_gain" time="0.762" /><testcase classname="tests.backend_test.TestPackets" name="test_over_packeting_rejected" time="0.130" /><testcase classname="tests.backend_test.TestPackets" name="test_zero_weight_rejected" time="0.141" /><testcase classname="tests.backend_test.TestPackets" name="test_packets_in_stock_filter" time="0.143" /><testcase classname="tests.backend_test.TestIssueReceive" name="test_issue_unknown_process_and_bad_packet" time="0.793" /><testcase classname="tests.backend_test.TestPackets" name="test_delete_packet_with_entries_rejected" time="0.992" /><testcase classname="tests.backend_test.TestMisc" name="test_dashboard_shape" time="0.169" /><testcase classname="tests.backend_test.TestMisc" name="test_processes_meta" time="0.127" /><testcase classname="tests.backend_test.TestMisc" name="test_karigar_process_filter" time="0.496" /><testcase classname="tests.backend_test.TestBulkProcessPackets" name="test_bulk_creates_packets_only_no_entries" time="0.564" /><testcase classname="tests.backend_test.TestBulkProcessPackets" name="test_over_remaining_rejected" time="0.403" /><testcase classname="tests.backend_test.TestMisc" name="test_staff_rbac" time="1.689" /><testcase classname="tests.backend_test.TestBulkProcessPackets" name="test_zero_weight_rows_and_bad_process" time="0.546" /><testcase classname="tests.backend_test.TestBulkProcessPackets" name="test_process_isolation_between_registers" time="0.222" /><testcase classname="tests.backend_test.TestBulkProcessPackets" name="test_rbac_no_create_permission_gets_403" time="1.253" /><testcase classname="tests.backend_test.TestMisc" name="test_duplicate_kapan_no_rejected" time="0.570" /><testcase classname="tests.backend_test.TestPrintSettings" name="test_get_defaults_admin" time="0.263" /><testcase classname="tests.backend_test.TestPrintSettings" name="test_get_staff_allowed" time="0.170" /><testcase classname="tests.backend_test.TestPacketDelete" name="test_delete_frees_weight_and_hard_removes" time="1.206" /><testcase classname="tests.backend_test.TestPrintSettings" name="test_put_and_persist" time="0.210" /><testcase classname="tests.backend_test.TestPrintSettings" name="test_put_validates_positive_sticker" time="0.332" /><testcase classname="tests.backend_test.TestPrintSettings" name="test_put_staff_forbidden" time="0.355" /><testcase classname="tests.backend_test.TestPacketDelete" name="test_delete_issued_returned_via_jangad_delete_frees_weight" time="1.523" /><testcase classname="tests.test_sp_kapan.TestSPIssueReceive" name="test_sp_and_normal_cannot_mix" time="1.244" /><testcase classname="tests.test_sp_kapan.TestSPIssueReceive" name="test_karigar_must_serve_process" time="0.267" /><testcase classname="tests.test_sp_kapan.TestSPIssueReceive" name="test_issue_receive_and_reissue_chain" time="0.499" /><testcase classname="tests.backend_test.TestPacketDelete" name="test_delete_packet_with_entries_still_rejected" time="0.815" /><testcase classname="tests.test_sp_kapan.TestSPIssueReceive" name="test_sp_processes_only_on_jangad" time="1.042" /><testcase classname="tests.backend_test.TestPacketDelete" name="test_delete_packet_rbac_403_for_staff" time="1.082" /><testcase classname="tests.backend_test.TestPacketDelete" name="test_delete_nonexistent_packet_404" time="0.177" /><testcase classname="tests.backend_test.TestFullChain" name="test_chain_stays_balanced" time="2.936" /><testcase classname="tests.backend_test.TestPacketLabels" name="test_labels_empty_ids" time="0.100" /><testcase classname="tests.backend_test.TestPacketLabels" name="test_labels_valid_ids_sorted" time="0.455" /><testcase classname="tests.backend_test.TestPacketLabels" name="test_labels_staff_can_read" time="0.078" /><testcase classname="tests.test_sp_kapan.TestSPStones" name="test_stones_become_child_kapans" time="0.812" /><testcase classname="tests.test_sp_kapan.TestSPStones" name="test_stones_cannot_exceed_kapan" time="0.123" /><testcase classname="tests.test_sp_kapan.TestSPStones" name="test_sp_stones_rejected_on_normal_kapan" time="0.448" /><testcase classname="tests.backend_test.TestFullChain" name="test_jangad_payload" time="0.184" /><testcase classname="tests.test_sp_kapan.TestSPStoneRegister" name="test_packets_numbered_stone_dot_n_with_s_code" time="0.555" /><testcase classname="tests.backend_test.TestFullChain" name="test_delete_out_of_order_and_restore" time="0.462" /><testcase classname="tests.test_sp_kapan.TestSPStoneRegister" name="test_nats_and_filling_rejected_in_stone" time="0.183" /><testcase classname="tests.test_sp_kapan.TestSPStoneRegister" name="test_packets_cannot_exceed_stone_weight" time="0.182" /><testcase classname="tests.test_split_from_stock.TestNormalKapanSplitFromStock" name="test_normal_kapan_stays_balanced_after_stock_split" time="1.942" /><testcase classname="tests.test_split_from_stock.TestDeleteRulesAfterSplit" name="test_delete_split_packet_refused_but_normal_ok" time="1.480" /><testcase classname="tests.test_split_from_stock.TestDeleteRulesAfterSplit" name="test_delete_normal_unsplit_packet_still_works" time="0.574" /><testcase classname="tests.test_split_from_stock.TestNormalKapanSplitFromStock" name="test_overbudget_refused_with_helpful_message" time="0.608" /><testcase classname="tests.test_sp_kapan.TestSPKapanCreate" name="test_sp_kapan_only_in_sp_register" time="0.986" /><testcase classname="tests.test_split_from_stock.TestUndoSplit" name="test_undo_split_returns_weight_to_source" time="1.301" /><testcase classname="tests.test_sp_kapan.TestSPStoneSplitFromStock" name="test_returned_packet_can_be_split_for_next_process" time="1.141" /><testcase classname="tests.test_split_from_stock.TestUndoSplit" name="test_undo_split_rejected_for_plain_packet" time="0.668" /><testcase classname="tests.test_sp_kapan.TestSPCascadeDelete" name="test_deleting_sp_kapan_removes_stones_and_packets" time="0.781" /><testcase classname="tests.test_split_from_stock.TestSPPartialConsumptionAcrossSources" name="test_multi_source_consumption_stays_balanced" time="1.763" /><testcase classname="tests.test_split_from_stock.TestSPRowSpansRoughAndStock" name="test_row_split_across_rough_and_stock" time="1.903" /><testcase classname="tests.test_split_from_stock.TestReceiveAfterSplit" name="test_split_packet_can_be_issued_and_received" time="1.164" /><testcase classname="tests.test_split_from_stock.TestInProcessNotDrawable" name="test_in_process_weight_not_available_to_any_stage" time="0.787" /><testcase classname="tests.test_split_from_stock.TestStagePoolRule" name="test_stock_is_available_to_every_stage" time="1.215" /><testcase classname="tests.test_undo_split_edge.TestUndoAfterSourceFullyConsumed" name="test_undo_revives_consumed_source" time="2.134" /><testcase classname="tests.test_undo_split_edge.TestChainedSplitUndoMiddle" name="test_undo_middle_of_chain_stays_balanced_or_refuses" time="1.854" /><testcase classname="tests.test_undo_split_edge.TestPartialChainUndo" name="test_partial_chain_undo_gives_back_current_weight" time="0.991"><failure message="assert 13.0 == 18.0&#10; +  where 13.0 = round(13.0, 2)">test_undo_split_edge.py:136: in test_partial_chain_undo_gives_back_current_weight
    assert round(live[a["packet_no"]]["weight"], 2) == 18.0
E   assert 13.0 == 18.0
E    +  where 13.0 = round(13.0, 2)</failure></testcase><testcase classname="tests.test_undo_split_edge.TestUndoRowSpanningRoughAndStock" name="test_undo_returns_only_carried_portion" time="1.507" /><testcase classname="tests.test_undo_split_edge.TestStaffCannotUndoSplit" name="test_staff_forbidden" time="1.272" /></testsuite></testsuites>