<?xml version="1.0" encoding="utf-8"?><testsuites name="pytest tests"><testsuite name="pytest" errors="0" failures="0" skipped="1" tests="37" time="22.422" timestamp="2026-09-07T07:31:07.749497+00:00" hostname="agent-env-895341d7-8a4b-4d78-a8f5-5d7361f876da"><testcase classname="tests.backend_test.TestAuth" name="test_health" time="19.773" /><testcase classname="tests.backend_test.TestJangads" name="test_issue_multiple_packets_one_jangad" time="0.920" /><testcase classname="tests.backend_test.TestJangads" name="test_double_issue_rejected" time="0.238" /><testcase classname="tests.backend_test.TestJangads" name="test_laser_stores_hw_expected_polish_stores_ds_nats_none" time="0.479" /><testcase classname="tests.backend_test.TestJangads" name="test_get_jangad_by_no_returns_lines_and_totals" time="0.246" /><testcase classname="tests.backend_test.TestJangads" name="test_receive_still_works_per_packet" time="0.324" /><testcase classname="tests.backend_test.TestJangads" name="test_jangad_bad_inputs" time="0.235" /><testcase classname="tests.backend_test.TestJangads" name="test_dashboard_open_jangads_counts_unique" time="0.409"><skipped type="pytest.xfail" message="open_jangads counts entries not unique jangad_no (delta=2)" /></testcase><testcase classname="tests.backend_test.TestIssueReceive" name="test_issue_copies_packet_pcs_weight_and_strips_fields" time="0.567" /><testcase classname="tests.backend_test.TestIssueReceive" name="test_sarine_marking_loss_breaks_reconciliation" time="0.480" /><testcase classname="tests.backend_test.TestIssueReceive" name="test_laser_keeps_hw_and_polish_keeps_ds" time="0.404" /><testcase classname="tests.backend_test.TestIssueReceive" name="test_receive_over_issued_weight_rejected" time="0.474" /><testcase classname="tests.backend_test.TestIssueReceive" name="test_filling_requires_weight_gain" time="0.409" /><testcase classname="tests.backend_test.TestIssueReceive" name="test_issue_unknown_process_and_bad_packet" time="0.390" /><testcase classname="tests.backend_test.TestPackets" name="test_packet_auto_numbering_and_size" time="0.320" /><testcase classname="tests.backend_test.TestPackets" name="test_over_packeting_rejected" time="0.085" /><testcase classname="tests.backend_test.TestPackets" name="test_zero_weight_rejected" time="0.080" /><testcase classname="tests.backend_test.TestPackets" name="test_packets_in_stock_filter" time="0.083" /><testcase classname="tests.backend_test.TestPackets" name="test_delete_packet_with_entries_rejected" time="0.474" /><testcase classname="tests.backend_test.TestMisc" name="test_dashboard_shape" time="0.079" /><testcase classname="tests.backend_test.TestMisc" name="test_processes_meta" time="0.079" /><testcase classname="tests.backend_test.TestMisc" name="test_karigar_process_filter" time="0.317" /><testcase classname="tests.backend_test.TestMisc" name="test_staff_rbac" time="0.883" /><testcase classname="tests.backend_test.TestMisc" name="test_duplicate_kapan_no_rejected" time="0.237" /><testcase classname="tests.backend_test.TestBulkProcessPackets" name="test_bulk_creates_packets_only_no_entries" time="0.318" /><testcase classname="tests.backend_test.TestBulkProcessPackets" name="test_over_remaining_rejected" time="0.157" /><testcase classname="tests.backend_test.TestBulkProcessPackets" name="test_zero_weight_rows_and_bad_process" time="0.238" /><testcase classname="tests.backend_test.TestBulkProcessPackets" name="test_process_isolation_between_registers" time="0.161" /><testcase classname="tests.backend_test.TestBulkProcessPackets" name="test_rbac_no_create_permission_gets_403" time="0.974" /><testcase classname="tests.backend_test.TestFullChain" name="test_chain_stays_balanced" time="2.536" /><testcase classname="tests.backend_test.TestFullChain" name="test_jangad_payload" time="0.165" /><testcase classname="tests.backend_test.TestFullChain" name="test_delete_out_of_order_and_restore" time="0.481" /><testcase classname="tests.backend_test.TestAuth" name="test_login_and_me" time="0.476" /><testcase classname="tests.backend_test.TestAuth" name="test_login_sets_httponly_cookies" time="0.359" /><testcase classname="tests.backend_test.TestAuth" name="test_login_invalid_password" time="0.135" /><testcase classname="tests.backend_test.TestAuth" name="test_unauthenticated_blocked" time="0.125" /><testcase classname="tests.backend_test.TestAuth" name="test_bcrypt_hash_format" time="1.073" /></testsuite></testsuites>