<?xml version="1.0" encoding="utf-8"?><testsuites name="pytest tests"><testsuite name="pytest" errors="0" failures="1" skipped="0" tests="33" time="4.693" timestamp="2026-08-26T05:44:03.246970+00:00" hostname="agent-env-895341d7-8a4b-4d78-a8f5-5d7361f876da"><testcase classname="tests.backend_test.TestAuth" name="test_root_health" time="0.533" /><testcase classname="tests.backend_test.TestKapanChain" name="test_create_kapan" time="0.644" /><testcase classname="tests.backend_test.TestKapanChain" name="test_duplicate_kapan_no" time="0.249" /><testcase classname="tests.backend_test.TestKapanChain" name="test_kapan_404" time="0.046" /><testcase classname="tests.backend_test.TestAuth" name="test_login_and_me" time="0.409" /><testcase classname="tests.backend_test.TestKapanChain" name="test_issue_laser_and_in_process" time="0.126" /><testcase classname="tests.backend_test.TestAuth" name="test_login_bad_password" time="0.110" /><testcase classname="tests.backend_test.TestAuth" name="test_no_token_401" time="0.104" /><testcase classname="tests.backend_test.TestKapanChain" name="test_unknown_process_rejected" time="0.045" /><testcase classname="tests.backend_test.TestKapanChain" name="test_jangad_payload" time="0.092" /><testcase classname="tests.backend_test.TestAuth" name="test_invalid_token_401" time="0.172" /><testcase classname="tests.backend_test.TestKapanChain" name="test_receive_laser_calcs" time="0.092" /><testcase classname="tests.backend_test.TestKapanChain" name="test_shape_chain" time="0.142" /><testcase classname="tests.backend_test.TestAuth" name="test_bcrypt_hash_format" time="0.094" /><testcase classname="tests.backend_test.TestAuth" name="test_login_sets_httponly_cookies" time="0.372" /><testcase classname="tests.backend_test.TestKapanChain" name="test_polish_table_nats_filling" time="1.168" /><testcase classname="tests.backend_test.TestAuth" name="test_seeded_staff_login" time="0.368" /><testcase classname="tests.backend_test.TestAuth" name="test_refresh_endpoint_exists" time="0.132"><failure message="AssertionError: POST /api/auth/refresh missing (documented in test_credentials.md)&#10;assert 404 != 404&#10; +  where 404 = &lt;Response [404]&gt;.status_code">tests/backend_test.py:101: in test_refresh_endpoint_exists
    assert r.status_code != 404, "POST /api/auth/refresh missing (documented in test_credentials.md)"
E   AssertionError: POST /api/auth/refresh missing (documented in test_credentials.md)
E   assert 404 != 404
E    +  where 404 = &lt;Response [404]&gt;.status_code</failure></testcase><testcase classname="tests.backend_test.TestPermissions" name="test_create_staff" time="0.315" /><testcase classname="tests.backend_test.TestKapanChain" name="test_entries_filters" time="0.142" /><testcase classname="tests.backend_test.TestPermissions" name="test_duplicate_email" time="0.099" /><testcase classname="tests.backend_test.TestPermissions" name="test_staff_permissions_enforced" time="0.789" /><testcase classname="tests.backend_test.TestKapanChain" name="test_kapan_list_includes_report" time="0.047" /><testcase classname="tests.backend_test.TestKapanChain" name="test_entry_404_and_bad_id" time="0.321" /><testcase classname="tests.backend_test.TestKapanChain" name="test_zz_delete_kapan_cascades" time="0.182" /><testcase classname="tests.backend_test.TestKarigars" name="test_create_and_filter" time="0.172" /><testcase classname="tests.backend_test.TestKarigars" name="test_update_karigar" time="0.099" /><testcase classname="tests.backend_test.TestPermissions" name="test_deactivate_blocks_login" time="0.416" /><testcase classname="tests.backend_test.TestKarigars" name="test_invalid_id" time="0.089" /><testcase classname="tests.backend_test.TestKarigars" name="test_cleanup" time="0.292" /><testcase classname="tests.backend_test.TestPermissions" name="test_zz_delete_staff" time="0.095" /><testcase classname="tests.backend_test.TestMeta" name="test_processes" time="0.050" /><testcase classname="tests.backend_test.TestMeta" name="test_dashboard" time="0.047" /></testsuite></testsuites>