<?xml version="1.0" encoding="utf-8"?><testsuites name="pytest tests"><testsuite name="pytest" errors="0" failures="0" skipped="0" tests="12" time="2.344" timestamp="2026-09-19T11:24:09.870231+00:00" hostname="agent-env-895341d7-8a4b-4d78-a8f5-5d7361f876da"><testcase classname="tests.test_sp_kapan.TestSPStones" name="test_add_stones_s_prefix_and_pcs_1" time="0.957" /><testcase classname="tests.test_sp_kapan.TestSPStones" name="test_exceed_kapan_weight_rejected" time="0.058" /><testcase classname="tests.test_sp_kapan.TestSPIssueRules" name="test_mixed_sp_normal_rejected" time="1.077" /><testcase classname="tests.test_sp_kapan.TestSPStones" name="test_sp_endpoint_rejects_on_normal_kapan" time="0.239" /><testcase classname="tests.test_sp_kapan.TestSPIssueRules" name="test_sp_nats_rejected" time="0.058" /><testcase classname="tests.test_sp_kapan.TestSPIssueRules" name="test_sp_filling_rejected" time="0.058" /><testcase classname="tests.test_sp_kapan.TestSPIssueRules" name="test_bad_sub_packet_split_rejected" time="0.061" /><testcase classname="tests.test_sp_kapan.TestSPIssueRules" name="test_good_sub_packet_split_and_receive_flow" time="0.187" /><testcase classname="tests.test_sp_kapan.TestSPKapanCreate" name="test_sp_kapan_only_in_sp_register" time="0.384" /><testcase classname="tests.test_sp_kapan.TestSPIssueRules" name="test_sp_stone_can_be_reissued_and_chain_accumulates" time="0.196" /><testcase classname="tests.test_sp_kapan.TestSPIssueRules" name="test_karigar_not_registered_rejected" time="0.301" /><testcase classname="tests.test_sp_kapan.TestSPReport" name="test_sp_report_shape" time="0.247" /></testsuite></testsuites>