<?xml version="1.0" encoding="utf-8"?><testsuites name="pytest tests"><testsuite name="pytest" errors="0" failures="0" skipped="0" tests="89" time="25.832" timestamp="2026-09-23T12:00:56.966204+00:00" hostname="agent-env-895341d7-8a4b-4d78-a8f5-5d7361f876da"><testcase classname="tests.backend_test.TestEntryEdit" name="test_edit_return_weight_recomputes_derived_and_syncs_packet" time="0.970" /><testcase classname="tests.backend_test.TestNewFormula" name="test_worked_example_20_25" time="1.239" /><testcase classname="tests.backend_test.TestEntryEdit" name="test_edit_issue_weight_keeps_kapan_balanced" time="0.360" /><testcase classname="tests.backend_test.TestNewFormula" name="test_return_weight_is_informational_only" time="0.604" /><testcase classname="tests.backend_test.TestEntryEdit" name="test_edit_issue_weight_ceiling_first_entry" time="0.219" /><testcase classname="tests.backend_test.TestEntryEdit" name="test_edit_return_exceeds_issue_rejected" time="0.342" /><testcase classname="tests.backend_test.TestEntryEdit" name="test_edit_zero_issue_weight_rejected" time="0.224" /><testcase classname="tests.backend_test.TestNewFormula" name="test_rc_and_nail_rc_are_allocations_out_of_boil" time="0.617" /><testcase classname="tests.backend_test.TestEntryEdit" name="test_edit_filling_return_less_than_issue_rejected" time="0.447" /><testcase classname="tests.backend_test.TestEntryEdit" name="test_edit_middle_entry_does_not_overwrite_packet_current" time="0.572" /><testcase classname="tests.backend_test.TestNewFormula" name="test_boil_mandatory_and_over_issue" time="0.674" /><testcase classname="tests.backend_test.TestNewFormula" name="test_rc_nail_exceed_boil_rejected" time="0.769" /><testcase classname="tests.backend_test.TestEntryEdit" name="test_edit_rbac_403_for_no_edit_user" time="1.080" /><testcase classname="tests.backend_test.TestNewFormula" name="test_filling_gain_off_boil" time="0.384" /><testcase classname="tests.backend_test.TestEntryEdit" name="test_edit_process_field_isolation" time="0.420" /><testcase classname="tests.backend_test.TestNewFormula" name="test_filling_boil_below_issue_rejected" time="0.462" /><testcase classname="tests.backend_test.TestJangads" name="test_issue_multiple_packets_one_jangad" time="0.364" /><testcase classname="tests.backend_test.TestNewFormula" name="test_sarine_has_boil_and_loss" time="0.458" /><testcase classname="tests.backend_test.TestJangads" name="test_double_issue_rejected" time="0.257" /><testcase classname="tests.backend_test.TestJangads" name="test_laser_stores_hw_expected_polish_stores_ds_nats_none" time="0.662" /><testcase classname="tests.backend_test.TestNewFormula" name="test_full_chain_with_allocations_stays_balanced" time="2.261" /><testcase classname="tests.backend_test.TestJangads" name="test_get_jangad_by_no_returns_lines_and_totals" time="0.187" /><testcase classname="tests.backend_test.TestJangads" name="test_receive_still_works_per_packet" time="0.260" /><testcase classname="tests.backend_test.TestJangads" name="test_jangad_bad_inputs" time="0.203" /><testcase classname="tests.backend_test.TestJangads" name="test_dashboard_open_jangads_counts_unique" time="0.451" /><testcase classname="tests.backend_test.TestIssueReceive" name="test_issue_copies_packet_pcs_weight_and_strips_fields" time="0.573" /><testcase classname="tests.backend_test.TestNewFormula" name="test_edit_boil_recomputes_and_syncs_packet" time="0.672" /><testcase classname="tests.backend_test.TestIssueReceive" name="test_sarine_marking_loss_breaks_reconciliation" time="0.484" /><testcase classname="tests.backend_test.TestIssueReceive" name="test_laser_keeps_hw_and_polish_keeps_ds" time="0.404" /><testcase classname="tests.backend_test.TestAuth" name="test_health" time="0.218" /><testcase classname="tests.backend_test.TestAuth" name="test_login_and_me" time="0.065" /><testcase classname="tests.backend_test.TestAuth" name="test_login_sets_httponly_cookies" time="0.414" /><testcase classname="tests.backend_test.TestIssueReceive" name="test_receive_over_issued_weight_rejected" time="0.838" /><testcase classname="tests.backend_test.TestAuth" name="test_login_invalid_password" time="0.135" /><testcase classname="tests.backend_test.TestAuth" name="test_unauthenticated_blocked" time="0.146" /><testcase classname="tests.backend_test.TestAuth" name="test_bcrypt_hash_format" time="0.675" /><testcase classname="tests.backend_test.TestIssueReceive" name="test_filling_requires_weight_gain" time="0.369" /><testcase classname="tests.backend_test.TestIssueReceive" name="test_issue_unknown_process_and_bad_packet" time="0.338" /><testcase classname="tests.backend_test.TestPackets" name="test_packet_auto_numbering_and_size" time="0.366" /><testcase classname="tests.backend_test.TestMisc" name="test_dashboard_shape" time="0.093" /><testcase classname="tests.backend_test.TestMisc" name="test_processes_meta" time="0.105" /><testcase classname="tests.backend_test.TestPackets" name="test_over_packeting_rejected" time="0.064" /><testcase classname="tests.backend_test.TestPackets" name="test_zero_weight_rejected" time="0.064" /><testcase classname="tests.backend_test.TestMisc" name="test_karigar_process_filter" time="0.274" /><testcase classname="tests.backend_test.TestPackets" name="test_packets_in_stock_filter" time="0.079" /><testcase classname="tests.backend_test.TestPackets" name="test_delete_packet_with_entries_rejected" time="0.652" /><testcase classname="tests.backend_test.TestMisc" name="test_staff_rbac" time="1.037" /><testcase classname="tests.backend_test.TestBulkProcessPackets" name="test_bulk_creates_packets_only_no_entries" time="0.288" /><testcase classname="tests.backend_test.TestBulkProcessPackets" name="test_over_remaining_rejected" time="0.135" /><testcase classname="tests.backend_test.TestBulkProcessPackets" name="test_zero_weight_rows_and_bad_process" time="0.191" /><testcase classname="tests.backend_test.TestMisc" name="test_duplicate_kapan_no_rejected" time="0.260" /><testcase classname="tests.backend_test.TestBulkProcessPackets" name="test_process_isolation_between_registers" time="0.187" /><testcase classname="tests.backend_test.TestPrintSettings" name="test_get_defaults_admin" time="0.326" /><testcase classname="tests.backend_test.TestBulkProcessPackets" name="test_rbac_no_create_permission_gets_403" time="1.295" /><testcase classname="tests.backend_test.TestPrintSettings" name="test_get_staff_allowed" time="0.080" /><testcase classname="tests.backend_test.TestPrintSettings" name="test_put_and_persist" time="0.344" /><testcase classname="tests.backend_test.TestPrintSettings" name="test_put_validates_positive_sticker" time="0.139" /><testcase classname="tests.backend_test.TestPrintSettings" name="test_put_staff_forbidden" time="0.417" /><testcase classname="tests.backend_test.TestPacketDelete" name="test_delete_frees_weight_and_hard_removes" time="0.884" /><testcase classname="tests.test_sp_kapan.TestSPIssueReceive" name="test_sp_and_normal_cannot_mix" time="1.165" /><testcase classname="tests.backend_test.TestPacketDelete" name="test_delete_issued_returned_via_jangad_delete_frees_weight" time="0.863" /><testcase classname="tests.test_sp_kapan.TestSPIssueReceive" name="test_karigar_must_serve_process" time="0.289" /><testcase classname="tests.test_sp_kapan.TestSPIssueReceive" name="test_issue_receive_and_reissue_chain" time="0.419" /><testcase classname="tests.backend_test.TestPacketDelete" name="test_delete_packet_with_entries_still_rejected" time="0.538" /><testcase classname="tests.test_sp_kapan.TestSPIssueReceive" name="test_sp_processes_only_on_jangad" time="0.977" /><testcase classname="tests.backend_test.TestPacketDelete" name="test_delete_packet_rbac_403_for_staff" time="0.945" /><testcase classname="tests.backend_test.TestPacketDelete" name="test_delete_nonexistent_packet_404" time="0.067" /><testcase classname="tests.backend_test.TestPacketLabels" name="test_labels_empty_ids" time="0.062" /><testcase classname="tests.backend_test.TestFullChain" name="test_chain_stays_balanced" time="3.004" /><testcase classname="tests.backend_test.TestPacketLabels" name="test_labels_valid_ids_sorted" time="0.318" /><testcase classname="tests.backend_test.TestPacketLabels" name="test_labels_staff_can_read" time="0.063" /><testcase classname="tests.test_sp_kapan.TestSPStones" name="test_stones_become_child_kapans" time="0.704" /><testcase classname="tests.test_sp_kapan.TestSPStones" name="test_stones_cannot_exceed_kapan" time="0.059" /><testcase classname="tests.test_sp_kapan.TestSPStones" name="test_sp_stones_rejected_on_normal_kapan" time="0.301" /><testcase classname="tests.test_sp_kapan.TestSPStoneRegister" name="test_packets_numbered_stone_dot_n_with_s_code" time="0.310" /><testcase classname="tests.test_sp_kapan.TestSPStoneRegister" name="test_nats_and_filling_rejected_in_stone" time="0.166" /><testcase classname="tests.test_sp_kapan.TestSPStoneRegister" name="test_packets_cannot_exceed_stone_weight" time="0.167" /><testcase classname="tests.backend_test.TestFullChain" name="test_jangad_payload" time="0.333" /><testcase classname="tests.backend_test.TestFullChain" name="test_delete_out_of_order_and_restore" time="0.462" /><testcase classname="tests.test_split_from_stock.TestDeleteRulesAfterSplit" name="test_delete_split_packet_refused_but_normal_ok" time="2.194" /><testcase classname="tests.test_sp_kapan.TestSPKapanCreate" name="test_sp_kapan_only_in_sp_register" time="0.919" /><testcase classname="tests.test_sp_kapan.TestSPStoneSplitFromStock" name="test_returned_packet_can_be_split_for_next_process" time="0.928" /><testcase classname="tests.test_split_from_stock.TestDeleteRulesAfterSplit" name="test_delete_normal_unsplit_packet_still_works" time="0.814" /><testcase classname="tests.test_split_from_stock.TestNormalKapanSplitFromStock" name="test_normal_kapan_stays_balanced_after_stock_split" time="1.622" /><testcase classname="tests.test_sp_kapan.TestSPCascadeDelete" name="test_deleting_sp_kapan_removes_stones_and_packets" time="0.786" /><testcase classname="tests.test_split_from_stock.TestSPPartialConsumptionAcrossSources" name="test_multi_source_consumption_stays_balanced" time="2.189" /><testcase classname="tests.test_split_from_stock.TestNormalKapanSplitFromStock" name="test_overbudget_refused_with_helpful_message" time="0.550" /><testcase classname="tests.test_split_from_stock.TestSPRowSpansRoughAndStock" name="test_row_split_across_rough_and_stock" time="1.084" /><testcase classname="tests.test_split_from_stock.TestReceiveAfterSplit" name="test_split_packet_can_be_issued_and_received" time="0.875" /></testsuite></testsuites>